#
# There is insufficient memory for the Java Runtime Environment to continue.
# Native memory allocation (malloc) failed to allocate 65552 bytes for Chunk::new
# Possible reasons:
#   The system is out of physical RAM or swap space
#   In 32 bit mode, the process size limit was hit
# Possible solutions:
#   Reduce memory load on the system
#   Increase physical memory or swap space
#   Check if swap backing store is full
#   Use 64 bit Java on a 64 bit OS
#   Decrease Java heap size (-Xmx/-Xms)
#   Decrease number of Java threads
#   Decrease Java thread stack sizes (-Xss)
#   Set larger code cache with -XX:ReservedCodeCacheSize=
# This output file may be truncated or incomplete.
#
#  Out of Memory Error (allocation.cpp:390), pid=5332, tid=5052
#
# JRE version: Java(TM) SE Runtime Environment (8.0_91-b14) (build 1.8.0_91-b14)
# Java VM: Java HotSpot(TM) 64-Bit Server VM (25.91-b14 mixed mode windows-amd64 compressed oops)
# Failed to write core dump. Minidumps are not enabled by default on client versions of Windows
#

---------------  T H R E A D  ---------------

Current thread (0x000000005870b000):  JavaThread "C2 CompilerThread0" daemon [_thread_in_native, id=5052, stack(0x0000000058be0000,0x0000000058ce0000)]

Stack: [0x0000000058be0000,0x0000000058ce0000]
[error occurred during error reporting (printing stack bounds), id 0xc0000005]

Native frames: (J=compiled Java code, j=interpreted, Vv=VM code, C=native code)


Current CompileTask:
C2:   1694 2040   !   4       org.codehaus.plexus.interpolation.StringSearchInterpolator::interpolate (650 bytes)


---------------  P R O C E S S  ---------------

Java Threads: ( => current thread )
  0x0000000058799800 JavaThread "Service Thread" daemon [_thread_blocked, id=7284, stack(0x0000000059240000,0x0000000059340000)]
  0x000000005873e800 JavaThread "C1 CompilerThread2" daemon [_thread_in_native, id=5388, stack(0x0000000059130000,0x0000000059230000)]
  0x0000000058735000 JavaThread "C2 CompilerThread1" daemon [_thread_in_native, id=7280, stack(0x0000000058f00000,0x0000000059000000)]
=>0x000000005870b000 JavaThread "C2 CompilerThread0" daemon [_thread_in_native, id=5052, stack(0x0000000058be0000,0x0000000058ce0000)]
  0x00000000573c1800 JavaThread "Attach Listener" daemon [_thread_blocked, id=560, stack(0x0000000058ce0000,0x0000000058de0000)]
  0x00000000573cf000 JavaThread "Signal Dispatcher" daemon [_thread_blocked, id=4700, stack(0x00000000584a0000,0x00000000585a0000)]
  0x00000000573ab000 JavaThread "Finalizer" daemon [_thread_blocked, id=5084, stack(0x0000000058600000,0x0000000058700000)]
  0x0000000057363800 JavaThread "Reference Handler" daemon [_thread_blocked, id=7380, stack(0x00000000581d0000,0x00000000582d0000)]
  0x0000000002178000 JavaThread "main" [_thread_in_Java, id=3588, stack(0x0000000002400000,0x0000000002500000)]

Other Threads:
  0x000000005735c000 VMThread [stack: 0x0000000058380000,0x0000000058480000] [id=8164]
  0x00000000587af800 WatcherThread [stack: 0x0000000059340000,0x0000000059440000] [id=5004]

VM state:not at safepoint (normal execution)

VM Mutex/Monitor currently owned by a thread:  ([mutex/lock_event])
[0x000000000038e7c0] MethodCompileQueue_lock - owner thread: 0x0000000000000000

Heap:
 PSYoungGen      total 71680K, used 67696K [0x00000000d5d80000, 0x00000000da880000, 0x0000000100000000)
  eden space 66560K, 94% used [0x00000000d5d80000,0x00000000d9aa33e8,0x00000000d9e80000)
  from space 5120K, 99% used [0x00000000da380000,0x00000000da878ff0,0x00000000da880000)
  to   space 5120K, 0% used [0x00000000d9e80000,0x00000000d9e80000,0x00000000da380000)
 ParOldGen       total 87552K, used 2175K [0x0000000081800000, 0x0000000086d80000, 0x00000000d5d80000)
  object space 87552K, 2% used [0x0000000081800000,0x0000000081a1fe48,0x0000000086d80000)
 Metaspace       used 14983K, capacity 15252K, committed 15488K, reserved 1062912K
  class space    used 1814K, capacity 1912K, committed 1920K, reserved 1048576K

Card table byte_map: [0x00000000118c0000,0x0000000011cc0000] byte_map_base: 0x00000000114b4000

Marking Bits: (ParMarkBitMap*) 0x0000000065cf2f70
 Begin Bits: [0x0000000012690000, 0x0000000014630000)
 End Bits:   [0x0000000014630000, 0x00000000165d0000)

Polling page: 0x0000000000110000

CodeCache: size=245760Kb used=7158Kb max_used=7158Kb free=238601Kb
 bounds [0x0000000002500000, 0x0000000002c10000, 0x0000000011500000]
 total_blobs=2503 nmethods=2152 adapters=263
 compilation: enabled

Compilation events (10 events):
Event: 1.689 Thread 0x000000005873e800 nmethod 2167 0x0000000002bfd6d0 code [0x0000000002bfd920, 0x0000000002bfea18]
Event: 1.689 Thread 0x000000005873e800 2159       3       java.util.regex.Pattern::atom (379 bytes)
Event: 1.690 Thread 0x000000005873e800 nmethod 2159 0x0000000002bff350 code [0x0000000002bff640, 0x0000000002c00c38]
Event: 1.690 Thread 0x000000005873e800 2152       3       java.util.Properties::getProperty (16 bytes)
Event: 1.691 Thread 0x000000005873e800 nmethod 2152 0x0000000002c01690 code [0x0000000002c01800, 0x0000000002c01a68]
Event: 1.691 Thread 0x000000005873e800 2155       3       java.util.regex.Pattern$BmpCharProperty::<init> (5 bytes)
Event: 1.691 Thread 0x000000005873e800 nmethod 2155 0x0000000002c01b10 code [0x0000000002c01ca0, 0x0000000002c01ff0]
Event: 1.691 Thread 0x000000005873e800 2156       3       java.util.regex.Pattern$BmpCharProperty::<init> (6 bytes)
Event: 1.691 Thread 0x000000005873e800 nmethod 2156 0x0000000002c021d0 code [0x0000000002c02340, 0x0000000002c02630]
Event: 1.691 Thread 0x000000005873e800 2150       3       java.util.regex.Pattern$CharProperty::study (29 bytes)

GC Heap History (4 events):
Event: 0.580 GC heap before
{Heap before GC invocations=1 (full 0):
 PSYoungGen      total 38400K, used 33280K [0x00000000d5d80000, 0x00000000d8800000, 0x0000000100000000)
  eden space 33280K, 100% used [0x00000000d5d80000,0x00000000d7e00000,0x00000000d7e00000)
  from space 5120K, 0% used [0x00000000d8300000,0x00000000d8300000,0x00000000d8800000)
  to   space 5120K, 0% used [0x00000000d7e00000,0x00000000d7e00000,0x00000000d8300000)
 ParOldGen       total 87552K, used 0K [0x0000000081800000, 0x0000000086d80000, 0x00000000d5d80000)
  object space 87552K, 0% used [0x0000000081800000,0x0000000081800000,0x0000000086d80000)
 Metaspace       used 8030K, capacity 8200K, committed 8320K, reserved 1056768K
  class space    used 985K, capacity 1052K, committed 1152K, reserved 1048576K
Event: 0.597 GC heap after
Heap after GC invocations=1 (full 0):
 PSYoungGen      total 38400K, used 5109K [0x00000000d5d80000, 0x00000000da880000, 0x0000000100000000)
  eden space 33280K, 0% used [0x00000000d5d80000,0x00000000d5d80000,0x00000000d7e00000)
  from space 5120K, 99% used [0x00000000d7e00000,0x00000000d82fd5b0,0x00000000d8300000)
  to   space 5120K, 0% used [0x00000000da380000,0x00000000da380000,0x00000000da880000)
 ParOldGen       total 87552K, used 308K [0x0000000081800000, 0x0000000086d80000, 0x00000000d5d80000)
  object space 87552K, 0% used [0x0000000081800000,0x000000008184d338,0x0000000086d80000)
 Metaspace       used 8030K, capacity 8200K, committed 8320K, reserved 1056768K
  class space    used 985K, capacity 1052K, committed 1152K, reserved 1048576K
}
Event: 0.945 GC heap before
{Heap before GC invocations=2 (full 0):
 PSYoungGen      total 38400K, used 38389K [0x00000000d5d80000, 0x00000000da880000, 0x0000000100000000)
  eden space 33280K, 100% used [0x00000000d5d80000,0x00000000d7e00000,0x00000000d7e00000)
  from space 5120K, 99% used [0x00000000d7e00000,0x00000000d82fd5b0,0x00000000d8300000)
  to   space 5120K, 0% used [0x00000000da380000,0x00000000da380000,0x00000000da880000)
 ParOldGen       total 87552K, used 308K [0x0000000081800000, 0x0000000086d80000, 0x00000000d5d80000)
  object space 87552K, 0% used [0x0000000081800000,0x000000008184d338,0x0000000086d80000)
 Metaspace       used 11458K, capacity 11700K, committed 11776K, reserved 1058816K
  class space    used 1418K, capacity 1512K, committed 1536K, reserved 1048576K
Event: 0.952 GC heap after
Heap after GC invocations=2 (full 0):
 PSYoungGen      total 71680K, used 5091K [0x00000000d5d80000, 0x00000000da880000, 0x0000000100000000)
  eden space 66560K, 0% used [0x00000000d5d80000,0x00000000d5d80000,0x00000000d9e80000)
  from space 5120K, 99% used [0x00000000da380000,0x00000000da878ff0,0x00000000da880000)
  to   space 5120K, 0% used [0x00000000d9e80000,0x00000000d9e80000,0x00000000da380000)
 ParOldGen       total 87552K, used 2175K [0x0000000081800000, 0x0000000086d80000, 0x00000000d5d80000)
  object space 87552K, 2% used [0x0000000081800000,0x0000000081a1fe48,0x0000000086d80000)
 Metaspace       used 11458K, capacity 11700K, committed 11776K, reserved 1058816K
  class space    used 1418K, capacity 1512K, committed 1536K, reserved 1048576K
}

Deoptimization events (10 events):
Event: 1.224 Thread 0x0000000002178000 Uncommon trap: reason=unstable_if action=reinterpret pc=0x0000000002a112b8 method=sun.nio.cs.UTF_8$Decoder.decode([BII[C)I @ 30
Event: 1.228 Thread 0x0000000002178000 Uncommon trap: reason=unstable_if action=reinterpret pc=0x00000000027a2228 method=sun.nio.cs.UTF_8$Decoder.decodeArrayLoop(Ljava/nio/ByteBuffer;Ljava/nio/CharBuffer;)Ljava/nio/charset/CoderResult; @ 84
Event: 1.230 Thread 0x0000000002178000 Uncommon trap: reason=unstable_if action=reinterpret pc=0x0000000002722194 method=java.lang.AbstractStringBuilder.append(Ljava/lang/String;)Ljava/lang/AbstractStringBuilder; @ 1
Event: 1.230 Thread 0x0000000002178000 Uncommon trap: reason=unstable_if action=reinterpret pc=0x000000000271cab0 method=java.lang.AbstractStringBuilder.append(Ljava/lang/String;)Ljava/lang/AbstractStringBuilder; @ 1
Event: 1.242 Thread 0x0000000002178000 Uncommon trap: reason=unstable_if action=reinterpret pc=0x00000000026a9214 method=java.lang.String.replace(CC)Ljava/lang/String; @ 2
Event: 1.295 Thread 0x0000000002178000 Uncommon trap: reason=unstable_if action=reinterpret pc=0x0000000002967f34 method=java.lang.String.substring(I)Ljava/lang/String; @ 35
Event: 1.423 Thread 0x0000000002178000 Uncommon trap: reason=null_check action=make_not_entrant pc=0x0000000002af17a8 method=org.apache.maven.model.io.xpp3.MavenXpp3ReaderEx.checkFieldWithDuplicate(Lorg/codehaus/plexus/util/xml/pull/XmlPullParser;Ljava/lang/String;Ljava/lang/String;Ljava/util/S}Éú©Aà÷?
Event: 1.492 Thread 0x0000000002178000 Uncommon trap: reason=unstable_if action=reinterpret pc=0x0000000002ac7afc method=org.codehaus.plexus.util.xml.pull.MXParser.nextImpl()I @ 879
Event: 1.500 Thread 0x0000000002178000 Uncommon trap: reason=bimorphic action=maybe_recompile pc=0x000000000283c328 method=java.util.HashMap.putVal(ILjava/lang/Object;Ljava/lang/Object;ZZ)Ljava/lang/Object; @ 203
Event: 1.563 Thread 0x0000000002178000 Uncommon trap: reason=unstable_if action=reinterpret pc=0x0000000002881dc8 method=java.lang.String.regionMatches(ZILjava/lang/String;II)Z @ 25

Internal exceptions (10 events):
Event: 1.081 Thread 0x0000000002178000 Exception <a 'java/lang/NoClassDefFoundError': javax/annotation/Priority> (0x00000000d679bbf8) thrown at [C:\re\workspace\8-2-build-windows-amd64-cygwin\jdk8u91\6644\hotspot\src\share\vm\classfile\systemDictionary.cpp, line 199]
Event: 1.206 Thread 0x0000000002178000 Exception <a 'java/lang/NullPointerException'> (0x00000000d6e0ed28) thrown at [C:\re\workspace\8-2-build-windows-amd64-cygwin\jdk8u91\6644\hotspot\src\share\vm\interpreter\linkResolver.cpp, line 1178]
Event: 1.206 Thread 0x0000000002178000 Exception <a 'java/lang/NullPointerException'> (0x00000000d6e0ef40) thrown at [C:\re\workspace\8-2-build-windows-amd64-cygwin\jdk8u91\6644\hotspot\src\share\vm\interpreter\linkResolver.cpp, line 1178]
Event: 1.206 Thread 0x0000000002178000 Exception <a 'java/lang/NullPointerException'> (0x00000000d6e0f158) thrown at [C:\re\workspace\8-2-build-windows-amd64-cygwin\jdk8u91\6644\hotspot\src\share\vm\interpreter\linkResolver.cpp, line 1178]
Event: 1.206 Thread 0x0000000002178000 Exception <a 'java/lang/NullPointerException'> (0x00000000d6e17be8) thrown at [C:\re\workspace\8-2-build-windows-amd64-cygwin\jdk8u91\6644\hotspot\src\share\vm\interpreter\linkResolver.cpp, line 1178]
Event: 1.206 Thread 0x0000000002178000 Exception <a 'java/lang/NullPointerException'> (0x00000000d6e17e00) thrown at [C:\re\workspace\8-2-build-windows-amd64-cygwin\jdk8u91\6644\hotspot\src\share\vm\interpreter\linkResolver.cpp, line 1178]
Event: 1.206 Thread 0x0000000002178000 Exception <a 'java/lang/NullPointerException'> (0x00000000d6e18018) thrown at [C:\re\workspace\8-2-build-windows-amd64-cygwin\jdk8u91\6644\hotspot\src\share\vm\interpreter\linkResolver.cpp, line 1178]
Event: 1.230 Thread 0x0000000002178000 Implicit null exception at 0x0000000002721e46 to 0x000000000272217d
Event: 1.230 Thread 0x0000000002178000 Implicit null exception at 0x000000000271c744 to 0x000000000271ca99
Event: 1.423 Thread 0x0000000002178000 Implicit null exception at 0x0000000002af1389 to 0x0000000002af1799

Events (10 events):
Event: 1.633 loading class org/apache/maven/artifact/versioning/Restriction
Event: 1.633 loading class org/apache/maven/artifact/versioning/Restriction done
Event: 1.642 loading class org/apache/maven/artifact/resolver/filter/ExcludesArtifactFilter
Event: 1.642 loading class org/apache/maven/artifact/resolver/filter/ExcludesArtifactFilter done
Event: 1.643 loading class org/apache/maven/artifact/resolver/filter/IncludesArtifactFilter
Event: 1.643 loading class org/apache/maven/artifact/resolver/filter/IncludesArtifactFilter done
Event: 1.649 Executing VM operation: ForceSafepoint
Event: 1.649 Executing VM operation: ForceSafepoint done
Event: 1.669 loading class org/apache/maven/project/DefaultProjectBuildingResult
Event: 1.669 loading class org/apache/maven/project/DefaultProjectBuildingResult done


Dynamic libraries:
0x000000013f780000 - 0x000000013f7b7000 	C:\Program Files\Java\jdk1.8.0_91\bin\java.exe
0x00000000777a0000 - 0x000000007794a000 	C:\Windows\SYSTEM32\ntdll.dll
0x0000000077580000 - 0x000000007769f000 	C:\Windows\system32\kernel32.dll
0x000007fefd8f0000 - 0x000007fefd95a000 	C:\Windows\system32\KERNELBASE.dll
0x000007fefe6d0000 - 0x000007fefe7ab000 	C:\Windows\system32\ADVAPI32.dll
0x000007fefe490000 - 0x000007fefe52f000 	C:\Windows\system32\msvcrt.dll
0x000007fefe050000 - 0x000007fefe06f000 	C:\Windows\SYSTEM32\sechost.dll
0x000007fefe530000 - 0x000007fefe65d000 	C:\Windows\system32\RPCRT4.dll
0x00000000776a0000 - 0x000000007779a000 	C:\Windows\system32\USER32.dll
0x000007fefe660000 - 0x000007fefe6c7000 	C:\Windows\system32\GDI32.dll
0x000007fefe040000 - 0x000007fefe04e000 	C:\Windows\system32\LPK.dll
0x000007fefe910000 - 0x000007fefe9db000 	C:\Windows\system32\USP10.dll
0x000007fefc0d0000 - 0x000007fefc2c4000 	C:\Windows\WinSxS\amd64_microsoft.windows.common-controls_6595b64144ccf1df_6.0.7601.17514_none_fa396087175ac9ac\COMCTL32.dll
0x000007fefdeb0000 - 0x000007fefdf21000 	C:\Windows\system32\SHLWAPI.dll
0x000007fefe7b0000 - 0x000007fefe7de000 	C:\Windows\system32\IMM32.DLL
0x000007fefdf30000 - 0x000007fefe039000 	C:\Windows\system32\MSCTF.dll
0x00000000687e0000 - 0x00000000688b2000 	C:\Program Files\Java\jdk1.8.0_91\jre\bin\msvcr100.dll
0x00000000654e0000 - 0x0000000065d73000 	C:\Program Files\Java\jdk1.8.0_91\jre\bin\server\jvm.dll
0x000007fefa390000 - 0x000007fefa399000 	C:\Windows\system32\WSOCK32.dll
0x000007fefec50000 - 0x000007fefec9d000 	C:\Windows\system32\WS2_32.dll
0x000007fefec40000 - 0x000007fefec48000 	C:\Windows\system32\NSI.dll
0x000007fefb660000 - 0x000007fefb69b000 	C:\Windows\system32\WINMM.dll
0x000007fefc7f0000 - 0x000007fefc7fc000 	C:\Windows\system32\VERSION.dll
0x0000000077960000 - 0x0000000077967000 	C:\Windows\system32\PSAPI.DLL
0x0000000074fe0000 - 0x0000000074fef000 	C:\Program Files\Java\jdk1.8.0_91\jre\bin\verify.dll
0x0000000074b10000 - 0x0000000074b39000 	C:\Program Files\Java\jdk1.8.0_91\jre\bin\java.dll
0x0000000074f00000 - 0x0000000074f16000 	C:\Program Files\Java\jdk1.8.0_91\jre\bin\zip.dll
0x000007fefeca0000 - 0x000007feffa2b000 	C:\Windows\system32\SHELL32.dll
0x000007fefea40000 - 0x000007fefec3c000 	C:\Windows\system32\ole32.dll
0x000007fefd6b0000 - 0x000007fefd6bf000 	C:\Windows\system32\profapi.dll
0x000007fefbfc0000 - 0x000007fefbfca000 	C:\Program Files\Java\apache-maven-3.6.0\lib\jansi-native\windows64\jansi.dll
0x0000000074980000 - 0x000000007499a000 	C:\Program Files\Java\jdk1.8.0_91\jre\bin\net.dll
0x000007fefcec0000 - 0x000007fefcf15000 	C:\Windows\system32\mswsock.dll
0x000007fefceb0000 - 0x000007fefceb7000 	C:\Windows\System32\wship6.dll
0x000000006e4e0000 - 0x000000006e4f1000 	C:\Program Files\Java\jdk1.8.0_91\jre\bin\nio.dll

VM Arguments:
jvm_args: -Dclassworlds.conf=C:\Program Files\Java\apache-maven-3.6.0\bin\..\bin\m2.conf -Dmaven.home=C:\Program Files\Java\apache-maven-3.6.0\bin\.. -Dlibrary.jansi.path=C:\Program Files\Java\apache-maven-3.6.0\bin\..\lib\jansi-native -Dmaven.multiModuleProjectDirectory=C:\Users\Administrator\git\springBoot_maven\springBoot_parent\springBoot_controller 
java_command: org.codehaus.plexus.classworlds.launcher.Launcher clean install
java_class_path (initial): C:\Program Files\Java\apache-maven-3.6.0\bin\..\boot\plexus-classworlds-2.5.2.jar
Launcher Type: SUN_STANDARD

Environment Variables:
JAVA_HOME=C:\Program Files\Java\jdk1.8.0_91
PATH=C:\Python27\;C:\Python27\Scripts;C:\ProgramData\Oracle\Java\javapath;C:\Windows\system32;C:\Windows;C:\Windows\System32\Wbem;C:\Windows\System32\WindowsPowerShell\v1.0\;C:\ProgramData\ComposerSetup\bin;C:\Program Files\TortoiseSVN\bin;C:\Program Files (x86)\Microsoft SQL Server\100\Tools\Binn\;C:\Program Files\Microsoft SQL Server\100\Tools\Binn\;C:\Program Files\Microsoft SQL Server\100\DTS\Binn\;C:\Tools\5.Tomcat\apache-tomcat-7.0.73\lib;C:\Tools\5.Tomcat\apache-tomcat-7.0.73\lib\servlet-api.jar;C:\Tools\5.Tomcat\apache-tomcat-7.0.73\lib\jsp-api.jar;C:\Tools\7.PHP\php-7.2.11-nts-Win32-VC15-x64;C:\Program Files (x86)\Google\Chrome\Application;C:\Program Files\nodejs\;C:\Program Files (x86)\Yarn\bin\;C:\Program Files\Java\jdk1.8.0_91\bin;C:\Program Files\Git\cmd;C:\Users\Administrator\AppData\Roaming\Composer\vendor\bin;C:\Program Files (x86)\Atmel\Flip 3.4.7\bin;C:\Program Files\Java\apache-maven-3.6.0\bin;C:\Users\Administrator\bin\Sencha\Cmd;C:\Users\Administrator\AppData\Roaming\npm;C:\Users\Administrator\AppData\Local\Yarn\bin;C:\Users\Administrator\AppData\Local\Programs\Microsoft VS Code\bin
USERNAME=Administrator
OS=Windows_NT
PROCESSOR_IDENTIFIER=Intel64 Family 6 Model 60 Stepping 3, GenuineIntel



---------------  S Y S T E M  ---------------

OS: Windows 7 , 64 bit Build 7601 (6.1.7601.23807)

CPU:total 4 (2 cores per cpu, 2 threads per core) family 6 model 60 stepping 3, cmov, cx8, fxsr, mmx, sse, sse2, sse3, ssse3, sse4.1, sse4.2, popcnt, avx, avx2, aes, clmul, erms, lzcnt, ht, tsc, tscinvbit, bmi1, bmi2

Memory: 4k page, physical 8286568k(1380700k free), swap 9400128k(4948k free)

vm_info: Java HotSpot(TM) 64-Bit Server VM (25.91-b14) for windows-amd64 JRE (1.8.0_91-b14), built on Apr  1 2016 00:58:32 by "java_re" with MS VC++ 10.0 (VS2010)

time: Thu Jul 25 13:58:27 2019
elapsed time: 1 seconds (0d 0h 0m 1s)

