#
# There is insufficient memory for the Java Runtime Environment to continue.
# Native memory allocation (malloc) failed to allocate 32784 bytes for Chunk::new
# Possible reasons:
#   The system is out of physical RAM or swap space
#   In 32 bit mode, the process size limit was hit
# Possible solutions:
#   Reduce memory load on the system
#   Increase physical memory or swap space
#   Check if swap backing store is full
#   Use 64 bit Java on a 64 bit OS
#   Decrease Java heap size (-Xmx/-Xms)
#   Decrease number of Java threads
#   Decrease Java thread stack sizes (-Xss)
#   Set larger code cache with -XX:ReservedCodeCacheSize=
# This output file may be truncated or incomplete.
#
#  Out of Memory Error (allocation.cpp:390), pid=5212, tid=7612
#
# JRE version: Java(TM) SE Runtime Environment (8.0_91-b14) (build 1.8.0_91-b14)
# Java VM: Java HotSpot(TM) 64-Bit Server VM (25.91-b14 mixed mode windows-amd64 compressed oops)
# Failed to write core dump. Minidumps are not enabled by default on client versions of Windows
#

---------------  T H R E A D  ---------------

Current thread (0x0000000056fd9000):  JavaThread "C2 CompilerThread0" daemon [_thread_in_native, id=7612, stack(0x0000000058c40000,0x0000000058d40000)]

Stack: [0x0000000058c40000,0x0000000058d40000]
[error occurred during error reporting (printing stack bounds), id 0xc0000005]

Native frames: (J=compiled Java code, j=interpreted, Vv=VM code, C=native code)


Current CompileTask:
C2:    268  314   !   4       sun.misc.URLClassPath$JarLoader::getResource (85 bytes)


---------------  P R O C E S S  ---------------

Java Threads: ( => current thread )
  0x00000000585a2800 JavaThread "Service Thread" daemon [_thread_blocked, id=4904, stack(0x0000000059010000,0x0000000059110000)]
  0x0000000058534800 JavaThread "C1 CompilerThread2" daemon [_thread_in_vm, id=7740, stack(0x0000000058eb0000,0x0000000058fb0000)]
  0x0000000056fdb000 JavaThread "C2 CompilerThread1" daemon [_thread_in_native, id=3588, stack(0x0000000058950000,0x0000000058a50000)]
=>0x0000000056fd9000 JavaThread "C2 CompilerThread0" daemon [_thread_in_native, id=7612, stack(0x0000000058c40000,0x0000000058d40000)]
  0x0000000058520800 JavaThread "Attach Listener" daemon [_thread_blocked, id=6596, stack(0x0000000058a50000,0x0000000058b50000)]
  0x0000000056fd3000 JavaThread "Signal Dispatcher" daemon [_thread_blocked, id=7996, stack(0x0000000058050000,0x0000000058150000)]
  0x0000000056fbb000 JavaThread "Finalizer" daemon [_thread_blocked, id=5344, stack(0x0000000058410000,0x0000000058510000)]
  0x0000000056f73800 JavaThread "Reference Handler" daemon [_thread_blocked, id=8000, stack(0x0000000058310000,0x0000000058410000)]
  0x0000000002028000 JavaThread "main" [_thread_in_vm, id=5944, stack(0x0000000002470000,0x0000000002570000)]

Other Threads:
  0x0000000056f6c000 VMThread [stack: 0x0000000058160000,0x0000000058260000] [id=6628]
  0x00000000585d8800 WatcherThread [stack: 0x0000000058d40000,0x0000000058e40000] [id=6460]

VM state:not at safepoint (normal execution)

VM Mutex/Monitor currently owned by a thread: None

Heap:
 PSYoungGen      total 38400K, used 9415K [0x00000000d5d80000, 0x00000000d8800000, 0x0000000100000000)
  eden space 33280K, 28% used [0x00000000d5d80000,0x00000000d66b1db8,0x00000000d7e00000)
  from space 5120K, 0% used [0x00000000d8300000,0x00000000d8300000,0x00000000d8800000)
  to   space 5120K, 0% used [0x00000000d7e00000,0x00000000d7e00000,0x00000000d8300000)
 ParOldGen       total 87552K, used 0K [0x0000000081800000, 0x0000000086d80000, 0x00000000d5d80000)
  object space 87552K, 0% used [0x0000000081800000,0x0000000081800000,0x0000000086d80000)
 Metaspace       used 5290K, capacity 5720K, committed 5760K, reserved 1056768K
  class space    used 567K, capacity 636K, committed 640K, reserved 1048576K

Card table byte_map: [0x0000000011930000,0x0000000011d30000] byte_map_base: 0x0000000011524000

Marking Bits: (ParMarkBitMap*) 0x0000000065cf2f70
 Begin Bits: [0x00000000122a0000, 0x0000000014240000)
 End Bits:   [0x0000000014240000, 0x00000000161e0000)

Polling page: 0x0000000000110000

CodeCache: size=245760Kb used=1883Kb max_used=1883Kb free=243876Kb
 bounds [0x0000000002570000, 0x00000000027e0000, 0x0000000011570000]
 total_blobs=591 nmethods=312 adapters=192
 compilation: enabled

Compilation events (10 events):
Event: 0.258 Thread 0x0000000058534800 nmethod 305 0x00000000027461d0 code [0x0000000002746360, 0x0000000002746808]
Event: 0.258 Thread 0x0000000058534800  306       3       java.lang.StringCoding::access$000 (6 bytes)
Event: 0.258 Thread 0x0000000058534800 nmethod 306 0x0000000002742250 code [0x00000000027423c0, 0x0000000002742570]
Event: 0.258 Thread 0x0000000058534800  307       3       java.lang.StringCoding::scale (7 bytes)
Event: 0.259 Thread 0x0000000058534800 nmethod 307 0x0000000002746950 code [0x0000000002746aa0, 0x0000000002746c10]
Event: 0.260 Thread 0x0000000058534800  310       3       java.net.URLClassLoader$1::run (5 bytes)
Event: 0.260 Thread 0x0000000058534800 nmethod 310 0x00000000027473d0 code [0x0000000002747540, 0x00000000027476e8]
Event: 0.260 Thread 0x0000000058534800  311   !   3       java.net.URLClassLoader$1::run (63 bytes)
Event: 0.261 Thread 0x0000000058534800 nmethod 311 0x0000000002747790 code [0x0000000002747960, 0x0000000002747e88]
Event: 0.264 Thread 0x0000000056fd9000  314   !   4       sun.misc.URLClassPath$JarLoader::getResource (85 bytes)

GC Heap History (0 events):
No events

Deoptimization events (0 events):
No events

Internal exceptions (6 events):
Event: 0.021 Thread 0x0000000002028000 Exception <a 'java/lang/NoSuchMethodError': Method sun.misc.Unsafe.defineClass(Ljava/lang/String;[BII)Ljava/lang/Class; name or signature does not match> (0x00000000d5d87cc0) thrown at [C:\re\workspace\8-2-build-windows-amd64-cygwin\jdk8u91\6644\hotspot\srÝ²çÙÃJ•?
Event: 0.021 Thread 0x0000000002028000 Exception <a 'java/lang/NoSuchMethodError': Method sun.misc.Unsafe.prefetchRead(Ljava/lang/Object;J)V name or signature does not match> (0x00000000d5d87fa8) thrown at [C:\re\workspace\8-2-build-windows-amd64-cygwin\jdk8u91\6644\hotspot\src\share\vm\prims\j„ùŠ5ªöÇ?
Event: 0.187 Thread 0x0000000002028000 Exception <a 'java/security/PrivilegedActionException'> (0x00000000d627ff68) thrown at [C:\re\workspace\8-2-build-windows-amd64-cygwin\jdk8u91\6644\hotspot\src\share\vm\prims\jvm.cpp, line 1386]
Event: 0.187 Thread 0x0000000002028000 Exception <a 'java/security/PrivilegedActionException'> (0x00000000d6280178) thrown at [C:\re\workspace\8-2-build-windows-amd64-cygwin\jdk8u91\6644\hotspot\src\share\vm\prims\jvm.cpp, line 1386]
Event: 0.188 Thread 0x0000000002028000 Exception <a 'java/security/PrivilegedActionException'> (0x00000000d62841a8) thrown at [C:\re\workspace\8-2-build-windows-amd64-cygwin\jdk8u91\6644\hotspot\src\share\vm\prims\jvm.cpp, line 1386]
Event: 0.188 Thread 0x0000000002028000 Exception <a 'java/security/PrivilegedActionException'> (0x00000000d62843b8) thrown at [C:\re\workspace\8-2-build-windows-amd64-cygwin\jdk8u91\6644\hotspot\src\share\vm\prims\jvm.cpp, line 1386]

Events (10 events):
Event: 0.263 loading class org/apache/maven/cli/MavenCli$1
Event: 0.263 loading class org/apache/maven/cli/MavenCli$1 done
Event: 0.263 loading class com/google/inject/AbstractModule
Event: 0.263 loading class com/google/inject/AbstractModule done
Event: 0.263 loading class org/codehaus/plexus/DefaultPlexusContainer$LoggerManagerProvider
Event: 0.263 loading class org/codehaus/plexus/DefaultPlexusContainer$LoggerManagerProvider done
Event: 0.263 loading class org/eclipse/sisu/inject/DeferredProvider
Event: 0.263 loading class org/eclipse/sisu/inject/DeferredProvider done
Event: 0.264 loading class com/google/inject/Provider
Event: 0.264 loading class com/google/inject/Provider done


Dynamic libraries:
0x000000013f120000 - 0x000000013f157000 	C:\Program Files\Java\jdk1.8.0_91\bin\java.exe
0x00000000777a0000 - 0x000000007794a000 	C:\Windows\SYSTEM32\ntdll.dll
0x0000000077580000 - 0x000000007769f000 	C:\Windows\system32\kernel32.dll
0x000007fefd8f0000 - 0x000007fefd95a000 	C:\Windows\system32\KERNELBASE.dll
0x000007fefe6d0000 - 0x000007fefe7ab000 	C:\Windows\system32\ADVAPI32.dll
0x000007fefe490000 - 0x000007fefe52f000 	C:\Windows\system32\msvcrt.dll
0x000007fefe050000 - 0x000007fefe06f000 	C:\Windows\SYSTEM32\sechost.dll
0x000007fefe530000 - 0x000007fefe65d000 	C:\Windows\system32\RPCRT4.dll
0x00000000776a0000 - 0x000000007779a000 	C:\Windows\system32\USER32.dll
0x000007fefe660000 - 0x000007fefe6c7000 	C:\Windows\system32\GDI32.dll
0x000007fefe040000 - 0x000007fefe04e000 	C:\Windows\system32\LPK.dll
0x000007fefe910000 - 0x000007fefe9db000 	C:\Windows\system32\USP10.dll
0x000007fefc0d0000 - 0x000007fefc2c4000 	C:\Windows\WinSxS\amd64_microsoft.windows.common-controls_6595b64144ccf1df_6.0.7601.17514_none_fa396087175ac9ac\COMCTL32.dll
0x000007fefdeb0000 - 0x000007fefdf21000 	C:\Windows\system32\SHLWAPI.dll
0x000007fefe7b0000 - 0x000007fefe7de000 	C:\Windows\system32\IMM32.DLL
0x000007fefdf30000 - 0x000007fefe039000 	C:\Windows\system32\MSCTF.dll
0x00000000687e0000 - 0x00000000688b2000 	C:\Program Files\Java\jdk1.8.0_91\jre\bin\msvcr100.dll
0x00000000654e0000 - 0x0000000065d73000 	C:\Program Files\Java\jdk1.8.0_91\jre\bin\server\jvm.dll
0x000007fefa390000 - 0x000007fefa399000 	C:\Windows\system32\WSOCK32.dll
0x000007fefec50000 - 0x000007fefec9d000 	C:\Windows\system32\WS2_32.dll
0x000007fefec40000 - 0x000007fefec48000 	C:\Windows\system32\NSI.dll
0x000007fefb660000 - 0x000007fefb69b000 	C:\Windows\system32\WINMM.dll
0x000007fefc7f0000 - 0x000007fefc7fc000 	C:\Windows\system32\VERSION.dll
0x0000000077960000 - 0x0000000077967000 	C:\Windows\system32\PSAPI.DLL
0x0000000074fe0000 - 0x0000000074fef000 	C:\Program Files\Java\jdk1.8.0_91\jre\bin\verify.dll
0x0000000074b10000 - 0x0000000074b39000 	C:\Program Files\Java\jdk1.8.0_91\jre\bin\java.dll
0x0000000074f00000 - 0x0000000074f16000 	C:\Program Files\Java\jdk1.8.0_91\jre\bin\zip.dll
0x000007fefeca0000 - 0x000007feffa2b000 	C:\Windows\system32\SHELL32.dll
0x000007fefea40000 - 0x000007fefec3c000 	C:\Windows\system32\ole32.dll
0x000007fefd6b0000 - 0x000007fefd6bf000 	C:\Windows\system32\profapi.dll
0x000007fef34c0000 - 0x000007fef34ca000 	C:\Program Files\Java\apache-maven-3.6.0\lib\jansi-native\windows64\jansi.dll

VM Arguments:
jvm_args: -Dclassworlds.conf=C:\Program Files\Java\apache-maven-3.6.0\bin\..\bin\m2.conf -Dmaven.home=C:\Program Files\Java\apache-maven-3.6.0\bin\.. -Dlibrary.jansi.path=C:\Program Files\Java\apache-maven-3.6.0\bin\..\lib\jansi-native -Dmaven.multiModuleProjectDirectory=C:\Users\Administrator\git\springBoot_maven\springBoot_parent\springBoot_swagger 
java_command: org.codehaus.plexus.classworlds.launcher.Launcher clean install
java_class_path (initial): C:\Program Files\Java\apache-maven-3.6.0\bin\..\boot\plexus-classworlds-2.5.2.jar
Launcher Type: SUN_STANDARD

Environment Variables:
JAVA_HOME=C:\Program Files\Java\jdk1.8.0_91
PATH=C:\Python27\;C:\Python27\Scripts;C:\ProgramData\Oracle\Java\javapath;C:\Windows\system32;C:\Windows;C:\Windows\System32\Wbem;C:\Windows\System32\WindowsPowerShell\v1.0\;C:\ProgramData\ComposerSetup\bin;C:\Program Files\TortoiseSVN\bin;C:\Program Files (x86)\Microsoft SQL Server\100\Tools\Binn\;C:\Program Files\Microsoft SQL Server\100\Tools\Binn\;C:\Program Files\Microsoft SQL Server\100\DTS\Binn\;C:\Tools\5.Tomcat\apache-tomcat-7.0.73\lib;C:\Tools\5.Tomcat\apache-tomcat-7.0.73\lib\servlet-api.jar;C:\Tools\5.Tomcat\apache-tomcat-7.0.73\lib\jsp-api.jar;C:\Tools\7.PHP\php-7.2.11-nts-Win32-VC15-x64;C:\Program Files (x86)\Google\Chrome\Application;C:\Program Files\nodejs\;C:\Program Files (x86)\Yarn\bin\;C:\Program Files\Java\jdk1.8.0_91\bin;C:\Program Files\Git\cmd;C:\Users\Administrator\AppData\Roaming\Composer\vendor\bin;C:\Program Files (x86)\Atmel\Flip 3.4.7\bin;C:\Program Files\Java\apache-maven-3.6.0\bin;C:\Users\Administrator\bin\Sencha\Cmd;C:\Users\Administrator\AppData\Roaming\npm;C:\Users\Administrator\AppData\Local\Yarn\bin;C:\Users\Administrator\AppData\Local\Programs\Microsoft VS Code\bin
USERNAME=Administrator
OS=Windows_NT
PROCESSOR_IDENTIFIER=Intel64 Family 6 Model 60 Stepping 3, GenuineIntel



---------------  S Y S T E M  ---------------

OS: Windows 7 , 64 bit Build 7601 (6.1.7601.23807)

CPU:total 4 (2 cores per cpu, 2 threads per core) family 6 model 60 stepping 3, cmov, cx8, fxsr, mmx, sse, sse2, sse3, ssse3, sse4.1, sse4.2, popcnt, avx, avx2, aes, clmul, erms, lzcnt, ht, tsc, tscinvbit, bmi1, bmi2

Memory: 4k page, physical 8286568k(1445564k free), swap 9400128k(5116k free)

vm_info: Java HotSpot(TM) 64-Bit Server VM (25.91-b14) for windows-amd64 JRE (1.8.0_91-b14), built on Apr  1 2016 00:58:32 by "java_re" with MS VC++ 10.0 (VS2010)

time: Thu Jul 25 14:31:30 2019
elapsed time: 0 seconds (0d 0h 0m 0s)

